0 info it worked if it ends with ok
1 verbose cli [ 'node', '/usr/local/bin/npm', 'run', 'start-dev' ]
2 info using npm@1.4.28
3 info using node@v0.10.33
4 verbose run-script [ 'prestart-dev', 'start-dev', 'poststart-dev' ]
5 info prestart-dev webpacl-codepen-starterkit@0.0.0
6 info start-dev webpacl-codepen-starterkit@0.0.0
7 verbose unsafe-perm in lifecycle true
8 info webpacl-codepen-starterkit@0.0.0 Failed to exec start-dev script
9 error webpacl-codepen-starterkit@0.0.0 start-dev: `node lib/server-development`
9 error Exit status 8
10 error Failed at the webpacl-codepen-starterkit@0.0.0 start-dev script.
10 error This is most likely a problem with the webpacl-codepen-starterkit package,
10 error not with npm itself.
10 error Tell the author that this fails on your system:
10 error     node lib/server-development
10 error You can get their info via:
10 error     npm owner ls webpacl-codepen-starterkit
10 error There is likely additional logging output above.
11 error System Darwin 13.4.0
12 error command "node" "/usr/local/bin/npm" "run" "start-dev"
13 error cwd /Users/jasonbrown/webpack-codepen-starter-kit
14 error node -v v0.10.33
15 error npm -v 1.4.28
16 error code ELIFECYCLE
17 verbose exit [ 1, true ]
